[0.396s] Invoking command in '/home/killerflux/voice_teleop_ws/src/voice_teleop': PYTHONPATH=/home/killerflux/voice_teleop_ws/build/voice_teleop/prefix_override:/usr/lib/python3/dist-packages/colcon_core/task/python/colcon_distutils_commands:/home/killerflux/voice_teleop_ws/install/voice_teleop/lib/python3.10/site-packages:${PYTHONPATH} /usr/bin/python3 -W ignore:setup.py install is deprecated -W ignore:easy_install command is deprecated setup.py egg_info --egg-base ../../build/voice_teleop build --build-base /home/killerflux/voice_teleop_ws/build/voice_teleop/build install --record /home/killerflux/voice_teleop_ws/build/voice_teleop/install.log --install-scripts $base/lib/voice_teleop --single-version-externally-managed install_data
[0.533s] running egg_info
[0.534s] writing ../../build/voice_teleop/voice_teleop.egg-info/PKG-INFO
[0.534s] writing dependency_links to ../../build/voice_teleop/voice_teleop.egg-info/dependency_links.txt
[0.534s] writing entry points to ../../build/voice_teleop/voice_teleop.egg-info/entry_points.txt
[0.534s] writing requirements to ../../build/voice_teleop/voice_teleop.egg-info/requires.txt
[0.534s] writing top-level names to ../../build/voice_teleop/voice_teleop.egg-info/top_level.txt
[0.535s] reading manifest file '../../build/voice_teleop/voice_teleop.egg-info/SOURCES.txt'
[0.536s] writing manifest file '../../build/voice_teleop/voice_teleop.egg-info/SOURCES.txt'
[0.536s] running build
[0.536s] running build_py
[0.536s] copying voice_teleop/input_sources.py -> /home/killerflux/voice_teleop_ws/build/voice_teleop/build/lib/voice_teleop
[0.536s] running install
[0.536s] running install_lib
[0.536s] copying /home/killerflux/voice_teleop_ws/build/voice_teleop/build/lib/voice_teleop/input_sources.py -> /home/killerflux/voice_teleop_ws/install/voice_teleop/lib/python3.10/site-packages/voice_teleop
[0.537s] byte-compiling /home/killerflux/voice_teleop_ws/install/voice_teleop/lib/python3.10/site-packages/voice_teleop/input_sources.py to input_sources.cpython-310.pyc
[0.537s] running install_data
[0.537s] running install_egg_info
[0.539s] removing '/home/killerflux/voice_teleop_ws/install/voice_teleop/lib/python3.10/site-packages/voice_teleop-0.1.0-py3.10.egg-info' (and everything under it)
[0.539s] Copying ../../build/voice_teleop/voice_teleop.egg-info to /home/killerflux/voice_teleop_ws/install/voice_teleop/lib/python3.10/site-packages/voice_teleop-0.1.0-py3.10.egg-info
[0.539s] running install_scripts
[0.552s] Installing voice_commander script to /home/killerflux/voice_teleop_ws/install/voice_teleop/lib/voice_teleop
[0.552s] writing list of installed files to '/home/killerflux/voice_teleop_ws/build/voice_teleop/install.log'
[0.566s] Invoked command in '/home/killerflux/voice_teleop_ws/src/voice_teleop' returned '0': PYTHONPATH=/home/killerflux/voice_teleop_ws/build/voice_teleop/prefix_override:/usr/lib/python3/dist-packages/colcon_core/task/python/colcon_distutils_commands:/home/killerflux/voice_teleop_ws/install/voice_teleop/lib/python3.10/site-packages:${PYTHONPATH} /usr/bin/python3 -W ignore:setup.py install is deprecated -W ignore:easy_install command is deprecated setup.py egg_info --egg-base ../../build/voice_teleop build --build-base /home/killerflux/voice_teleop_ws/build/voice_teleop/build install --record /home/killerflux/voice_teleop_ws/build/voice_teleop/install.log --install-scripts $base/lib/voice_teleop --single-version-externally-managed install_data
