[0.133s] DEBUG:colcon:Command line arguments: ['/usr/bin/colcon', 'build', '--packages-select', 'voice_teleop']
[0.133s] DEBUG:colcon:Parsed command line arguments: Namespace(log_base=None, log_level=None, verb_name='build', build_base='build', install_base='install', merge_install=False, symlink_install=False, test_result_base=None, continue_on_error=False, executor='parallel', parallel_workers=16, event_handlers=None, ignore_user_meta=False, metas=['./colcon.meta'], base_paths=['.'], packages_ignore=None, packages_ignore_regex=None, paths=None, packages_up_to=None, packages_up_to_regex=None, packages_above=None, packages_above_and_dependencies=None, packages_above_depth=None, packages_select_by_dep=None, packages_skip_by_dep=None, packages_skip_up_to=None, packages_select_build_failed=False, packages_skip_build_finished=False, packages_select_test_failures=False, packages_skip_test_passed=False, packages_select=['voice_teleop'], packages_skip=None, packages_select_regex=None, packages_skip_regex=None, packages_start=None, packages_end=None, allow_overriding=[], cmake_args=None, cmake_target=None, cmake_target_skip_unavailable=False, cmake_clean_cache=False, cmake_clean_first=False, cmake_force_configure=False, ament_cmake_args=None, catkin_cmake_args=None, catkin_skip_building_tests=False, mixin_files=None, mixin=None, verb_parser=<colcon_mixin.mixin.mixin_argument.MixinArgumentDecorator object at 0x789010656680>, verb_extension=<colcon_core.verb.build.BuildVerb object at 0x78901073f910>, main=<bound method BuildVerb.main of <colcon_core.verb.build.BuildVerb object at 0x78901073f910>>, mixin_verb=('build',))
[0.330s] Level 1:colcon.colcon_core.package_discovery:discover_packages(colcon_meta) check parameters
[0.330s] Level 1:colcon.colcon_core.package_discovery:discover_packages(recursive) check parameters
[0.330s] Level 1:colcon.colcon_core.package_discovery:discover_packages(ignore) check parameters
[0.330s] Level 1:colcon.colcon_core.package_discovery:discover_packages(path) check parameters
[0.330s] Level 1:colcon.colcon_core.package_discovery:discover_packages(colcon_meta) discover
[0.330s] Level 1:colcon.colcon_core.package_discovery:discover_packages(recursive) discover
[0.330s] INFO:colcon.colcon_core.package_discovery:Crawling recursively for packages in '/home/killerflux/voice_teleop_ws'
[0.330s] Level 1:colcon.colcon_core.package_identification:_identify(.) by extensions ['ignore', 'ignore_ament_install']
[0.330s] Level 1:colcon.colcon_core.package_identification:_identify(.) by extension 'ignore'
[0.330s] Level 1:colcon.colcon_core.package_identification:_identify(.) by extension 'ignore_ament_install'
[0.330s] Level 1:colcon.colcon_core.package_identification:_identify(.) by extensions ['colcon_pkg']
[0.330s] Level 1:colcon.colcon_core.package_identification:_identify(.) by extension 'colcon_pkg'
[0.330s] Level 1:colcon.colcon_core.package_identification:_identify(.) by extensions ['colcon_meta']
[0.330s] Level 1:colcon.colcon_core.package_identification:_identify(.) by extension 'colcon_meta'
[0.330s] Level 1:colcon.colcon_core.package_identification:_identify(.) by extensions ['ros']
[0.330s] Level 1:colcon.colcon_core.package_identification:_identify(.) by extension 'ros'
[0.340s] Level 1:colcon.colcon_core.package_identification:_identify(.) by extensions ['cmake', 'python']
[0.340s] Level 1:colcon.colcon_core.package_identification:_identify(.) by extension 'cmake'
[0.340s] Level 1:colcon.colcon_core.package_identification:_identify(.) by extension 'python'
[0.340s] Level 1:colcon.colcon_core.package_identification:_identify(.) by extensions ['python_setup_py']
[0.340s] Level 1:colcon.colcon_core.package_identification:_identify(.) by extension 'python_setup_py'
[0.340s] Level 1:colcon.colcon_core.package_identification:_identify(build) by extensions ['ignore', 'ignore_ament_install']
[0.340s] Level 1:colcon.colcon_core.package_identification:_identify(build) by extension 'ignore'
[0.340s] Level 1:colcon.colcon_core.package_identification:_identify(build) ignored
[0.340s] Level 1:colcon.colcon_core.package_identification:_identify(install) by extensions ['ignore', 'ignore_ament_install']
[0.340s] Level 1:colcon.colcon_core.package_identification:_identify(install) by extension 'ignore'
[0.340s] Level 1:colcon.colcon_core.package_identification:_identify(install) ignored
[0.340s] Level 1:colcon.colcon_core.package_identification:_identify(log) by extensions ['ignore', 'ignore_ament_install']
[0.340s] Level 1:colcon.colcon_core.package_identification:_identify(log) by extension 'ignore'
[0.340s] Level 1:colcon.colcon_core.package_identification:_identify(log) ignored
[0.340s] Level 1:colcon.colcon_core.package_identification:_identify(src) by extensions ['ignore', 'ignore_ament_install']
[0.340s] Level 1:colcon.colcon_core.package_identification:_identify(src) by extension 'ignore'
[0.340s] Level 1:colcon.colcon_core.package_identification:_identify(src) by extension 'ignore_ament_install'
[0.340s] Level 1:colcon.colcon_core.package_identification:_identify(src) by extensions ['colcon_pkg']
[0.340s] Level 1:colcon.colcon_core.package_identification:_identify(src) by extension 'colcon_pkg'
[0.340s] Level 1:colcon.colcon_core.package_identification:_identify(src) by extensions ['colcon_meta']
[0.340s] Level 1:colcon.colcon_core.package_identification:_identify(src) by extension 'colcon_meta'
[0.340s] Level 1:colcon.colcon_core.package_identification:_identify(src) by extensions ['ros']
[0.340s] Level 1:colcon.colcon_core.package_identification:_identify(src) by extension 'ros'
[0.340s] Level 1:colcon.colcon_core.package_identification:_identify(src) by extensions ['cmake', 'python']
[0.340s] Level 1:colcon.colcon_core.package_identification:_identify(src) by extension 'cmake'
[0.341s] Level 1:colcon.colcon_core.package_identification:_identify(src) by extension 'python'
[0.341s] Level 1:colcon.colcon_core.package_identification:_identify(src) by extensions ['python_setup_py']
[0.341s] Level 1:colcon.colcon_core.package_identification:_identify(src) by extension 'python_setup_py'
[0.341s] Level 1:colcon.colcon_core.package_identification:_identify(src/voice_teleop) by extensions ['ignore', 'ignore_ament_install']
[0.341s] Level 1:colcon.colcon_core.package_identification:_identify(src/voice_teleop) by extension 'ignore'
[0.341s] Level 1:colcon.colcon_core.package_identification:_identify(src/voice_teleop) by extension 'ignore_ament_install'
[0.341s] Level 1:colcon.colcon_core.package_identification:_identify(src/voice_teleop) by extensions ['colcon_pkg']
[0.341s] Level 1:colcon.colcon_core.package_identification:_identify(src/voice_teleop) by extension 'colcon_pkg'
[0.341s] Level 1:colcon.colcon_core.package_identification:_identify(src/voice_teleop) by extensions ['colcon_meta']
[0.341s] Level 1:colcon.colcon_core.package_identification:_identify(src/voice_teleop) by extension 'colcon_meta'
[0.341s] Level 1:colcon.colcon_core.package_identification:_identify(src/voice_teleop) by extensions ['ros']
[0.341s] Level 1:colcon.colcon_core.package_identification:_identify(src/voice_teleop) by extension 'ros'
[0.344s] DEBUG:colcon.colcon_core.package_identification:Package 'src/voice_teleop' with type 'ros.ament_python' and name 'voice_teleop'
[0.344s] Level 1:colcon.colcon_core.package_discovery:discover_packages(recursive) using defaults
[0.344s] Level 1:colcon.colcon_core.package_discovery:discover_packages(ignore) discover
[0.344s] Level 1:colcon.colcon_core.package_discovery:discover_packages(ignore) using defaults
[0.344s] Level 1:colcon.colcon_core.package_discovery:discover_packages(path) discover
[0.344s] Level 1:colcon.colcon_core.package_discovery:discover_packages(path) using defaults
[0.370s] Level 1:colcon.colcon_core.package_discovery:discover_packages(prefix_path) check parameters
[0.370s] Level 1:colcon.colcon_core.package_discovery:discover_packages(prefix_path) discover
[0.374s] DEBUG:colcon.colcon_installed_package_information.package_discovery:Found 17 installed packages in /home/killerflux/turtlebot3_ws/install
[0.375s] DEBUG:colcon.colcon_installed_package_information.package_discovery:Found 316 installed packages in /opt/ros/humble
[0.376s] Level 1:colcon.colcon_core.package_discovery:discover_packages(prefix_path) using defaults
[0.433s] Level 5:colcon.colcon_core.verb:set package 'voice_teleop' build argument 'cmake_args' from command line to 'None'
[0.433s] Level 5:colcon.colcon_core.verb:set package 'voice_teleop' build argument 'cmake_target' from command line to 'None'
[0.433s] Level 5:colcon.colcon_core.verb:set package 'voice_teleop' build argument 'cmake_target_skip_unavailable' from command line to 'False'
[0.433s] Level 5:colcon.colcon_core.verb:set package 'voice_teleop' build argument 'cmake_clean_cache' from command line to 'False'
[0.433s] Level 5:colcon.colcon_core.verb:set package 'voice_teleop' build argument 'cmake_clean_first' from command line to 'False'
[0.433s] Level 5:colcon.colcon_core.verb:set package 'voice_teleop' build argument 'cmake_force_configure' from command line to 'False'
[0.433s] Level 5:colcon.colcon_core.verb:set package 'voice_teleop' build argument 'ament_cmake_args' from command line to 'None'
[0.433s] Level 5:colcon.colcon_core.verb:set package 'voice_teleop' build argument 'catkin_cmake_args' from command line to 'None'
[0.433s] Level 5:colcon.colcon_core.verb:set package 'voice_teleop' build argument 'catkin_skip_building_tests' from command line to 'False'
[0.433s] DEBUG:colcon.colcon_core.verb:Building package 'voice_teleop' with the following arguments: {'ament_cmake_args': None, 'build_base': '/home/killerflux/voice_teleop_ws/build/voice_teleop', 'catkin_cmake_args': None, 'catkin_skip_building_tests': False, 'cmake_args': None, 'cmake_clean_cache': False, 'cmake_clean_first': False, 'cmake_force_configure': False, 'cmake_target': None, 'cmake_target_skip_unavailable': False, 'install_base': '/home/killerflux/voice_teleop_ws/install/voice_teleop', 'merge_install': False, 'path': '/home/killerflux/voice_teleop_ws/src/voice_teleop', 'symlink_install': False, 'test_result_base': None}
[0.433s] INFO:colcon.colcon_core.executor:Executing jobs using 'parallel' executor
[0.434s] DEBUG:colcon.colcon_parallel_executor.executor.parallel:run_until_complete
[0.434s] INFO:colcon.colcon_ros.task.ament_python.build:Building ROS package in '/home/killerflux/voice_teleop_ws/src/voice_teleop' with build type 'ament_python'
[0.434s] Level 1:colcon.colcon_core.shell:create_environment_hook('voice_teleop', 'ament_prefix_path')
[0.437s] INFO:colcon.colcon_core.plugin_system:Skipping extension 'colcon_core.shell.bat': Not used on non-Windows systems
[0.437s] INFO:colcon.colcon_core.shell:Creating environment hook '/home/killerflux/voice_teleop_ws/install/voice_teleop/share/voice_teleop/hook/ament_prefix_path.ps1'
[0.439s] INFO:colcon.colcon_core.shell:Creating environment descriptor '/home/killerflux/voice_teleop_ws/install/voice_teleop/share/voice_teleop/hook/ament_prefix_path.dsv'
[0.440s] INFO:colcon.colcon_core.shell:Creating environment hook '/home/killerflux/voice_teleop_ws/install/voice_teleop/share/voice_teleop/hook/ament_prefix_path.sh'
[0.440s] INFO:colcon.colcon_core.shell:Skip shell extension 'powershell' for command environment: Not usable outside of PowerShell
[0.440s] DEBUG:colcon.colcon_core.shell:Skip shell extension 'dsv' for command environment
[0.592s] INFO:colcon.colcon_core.task.python.build:Building Python package in '/home/killerflux/voice_teleop_ws/src/voice_teleop'
[0.593s] INFO:colcon.colcon_core.shell:Skip shell extension 'powershell' for command environment: Not usable outside of PowerShell
[0.593s] DEBUG:colcon.colcon_core.shell:Skip shell extension 'dsv' for command environment
[0.905s] DEBUG:colcon.colcon_core.task.python.build:Available setuptools commands: clean, install_scripts, check, build_ext, build_py, extract_messages, upload_docs, build_scripts, init_catalog, bdist_rpm, setopt, easy_install, saveopts, test, dist_info, build_clib, install_headers, build, bdist_dumb, rotate, install_lib, sdist, register, install, bdist, develop, upload, bdist_egg, update_catalog, install_egg_info, install_data, compile_catalog, alias, egg_info, symlink_data, bdist_wheel
[0.906s] DEBUG:colcon.colcon_core.event_handler.log_command:Invoking command in '/home/killerflux/voice_teleop_ws/src/voice_teleop': PYTHONPATH=/home/killerflux/voice_teleop_ws/build/voice_teleop/prefix_override:/usr/lib/python3/dist-packages/colcon_core/task/python/colcon_distutils_commands:/home/killerflux/voice_teleop_ws/install/voice_teleop/lib/python3.10/site-packages:${PYTHONPATH} /usr/bin/python3 -W ignore:setup.py install is deprecated -W ignore:easy_install command is deprecated setup.py egg_info --egg-base ../../build/voice_teleop build --build-base /home/killerflux/voice_teleop_ws/build/voice_teleop/build install --record /home/killerflux/voice_teleop_ws/build/voice_teleop/install.log --install-scripts $base/lib/voice_teleop --single-version-externally-managed install_data
[1.081s] DEBUG:colcon.colcon_core.event_handler.log_command:Invoked command in '/home/killerflux/voice_teleop_ws/src/voice_teleop' returned '0': PYTHONPATH=/home/killerflux/voice_teleop_ws/build/voice_teleop/prefix_override:/usr/lib/python3/dist-packages/colcon_core/task/python/colcon_distutils_commands:/home/killerflux/voice_teleop_ws/install/voice_teleop/lib/python3.10/site-packages:${PYTHONPATH} /usr/bin/python3 -W ignore:setup.py install is deprecated -W ignore:easy_install command is deprecated setup.py egg_info --egg-base ../../build/voice_teleop build --build-base /home/killerflux/voice_teleop_ws/build/voice_teleop/build install --record /home/killerflux/voice_teleop_ws/build/voice_teleop/install.log --install-scripts $base/lib/voice_teleop --single-version-externally-managed install_data
[1.086s] Level 1:colcon.colcon_core.environment:checking '/home/killerflux/voice_teleop_ws/install/voice_teleop' for CMake module files
[1.086s] Level 1:colcon.colcon_core.environment:checking '/home/killerflux/voice_teleop_ws/install/voice_teleop' for CMake config files
[1.087s] Level 1:colcon.colcon_core.environment:checking '/home/killerflux/voice_teleop_ws/install/voice_teleop/lib'
[1.087s] Level 1:colcon.colcon_core.environment:checking '/home/killerflux/voice_teleop_ws/install/voice_teleop/bin'
[1.087s] Level 1:colcon.colcon_core.environment:checking '/home/killerflux/voice_teleop_ws/install/voice_teleop/lib/pkgconfig/voice_teleop.pc'
[1.088s] Level 1:colcon.colcon_core.environment:checking '/home/killerflux/voice_teleop_ws/install/voice_teleop/lib/python3.10/site-packages'
[1.088s] Level 1:colcon.colcon_core.shell:create_environment_hook('voice_teleop', 'pythonpath')
[1.088s] INFO:colcon.colcon_core.shell:Creating environment hook '/home/killerflux/voice_teleop_ws/install/voice_teleop/share/voice_teleop/hook/pythonpath.ps1'
[1.088s] INFO:colcon.colcon_core.shell:Creating environment descriptor '/home/killerflux/voice_teleop_ws/install/voice_teleop/share/voice_teleop/hook/pythonpath.dsv'
[1.088s] INFO:colcon.colcon_core.shell:Creating environment hook '/home/killerflux/voice_teleop_ws/install/voice_teleop/share/voice_teleop/hook/pythonpath.sh'
[1.089s] Level 1:colcon.colcon_core.environment:checking '/home/killerflux/voice_teleop_ws/install/voice_teleop/bin'
[1.089s] Level 1:colcon.colcon_core.environment:create_environment_scripts_only(voice_teleop)
[1.089s] INFO:colcon.colcon_core.shell:Creating package script '/home/killerflux/voice_teleop_ws/install/voice_teleop/share/voice_teleop/package.ps1'
[1.090s] INFO:colcon.colcon_core.shell:Creating package descriptor '/home/killerflux/voice_teleop_ws/install/voice_teleop/share/voice_teleop/package.dsv'
[1.091s] INFO:colcon.colcon_core.shell:Creating package script '/home/killerflux/voice_teleop_ws/install/voice_teleop/share/voice_teleop/package.sh'
[1.092s] INFO:colcon.colcon_core.shell:Creating package script '/home/killerflux/voice_teleop_ws/install/voice_teleop/share/voice_teleop/package.bash'
[1.093s] INFO:colcon.colcon_core.shell:Creating package script '/home/killerflux/voice_teleop_ws/install/voice_teleop/share/voice_teleop/package.zsh'
[1.094s] Level 1:colcon.colcon_core.environment:create_file_with_runtime_dependencies(/home/killerflux/voice_teleop_ws/install/voice_teleop/share/colcon-core/packages/voice_teleop)
[1.094s] DEBUG:colcon.colcon_parallel_executor.executor.parallel:closing loop
[1.094s] DEBUG:colcon.colcon_parallel_executor.executor.parallel:loop closed
[1.094s] DEBUG:colcon.colcon_parallel_executor.executor.parallel:run_until_complete finished with '0'
[1.094s] DEBUG:colcon.colcon_core.event_reactor:joining thread
[1.100s] INFO:colcon.colcon_core.plugin_system:Skipping extension 'colcon_notification.desktop_notification.terminal_notifier': Not used on non-Darwin systems
[1.100s] INFO:colcon.colcon_core.plugin_system:Skipping extension 'colcon_notification.desktop_notification.win32': Not used on non-Windows systems
[1.100s] INFO:colcon.colcon_notification.desktop_notification:Sending desktop notification using 'notify2'
[1.109s] DEBUG:colcon.colcon_core.event_reactor:joined thread
[1.109s] INFO:colcon.colcon_core.shell:Creating prefix script '/home/killerflux/voice_teleop_ws/install/local_setup.ps1'
[1.110s] INFO:colcon.colcon_core.shell:Creating prefix util module '/home/killerflux/voice_teleop_ws/install/_local_setup_util_ps1.py'
[1.112s] INFO:colcon.colcon_core.shell:Creating prefix chain script '/home/killerflux/voice_teleop_ws/install/setup.ps1'
[1.113s] INFO:colcon.colcon_core.shell:Creating prefix script '/home/killerflux/voice_teleop_ws/install/local_setup.sh'
[1.114s] INFO:colcon.colcon_core.shell:Creating prefix util module '/home/killerflux/voice_teleop_ws/install/_local_setup_util_sh.py'
[1.114s] INFO:colcon.colcon_core.shell:Creating prefix chain script '/home/killerflux/voice_teleop_ws/install/setup.sh'
[1.115s] INFO:colcon.colcon_core.shell:Creating prefix script '/home/killerflux/voice_teleop_ws/install/local_setup.bash'
[1.116s] INFO:colcon.colcon_core.shell:Creating prefix chain script '/home/killerflux/voice_teleop_ws/install/setup.bash'
[1.117s] INFO:colcon.colcon_core.shell:Creating prefix script '/home/killerflux/voice_teleop_ws/install/local_setup.zsh'
[1.118s] INFO:colcon.colcon_core.shell:Creating prefix chain script '/home/killerflux/voice_teleop_ws/install/setup.zsh'
