running egg_info
writing ../../build/voice_teleop/voice_teleop.egg-info/PKG-INFO
writing dependency_links to ../../build/voice_teleop/voice_teleop.egg-info/dependency_links.txt
writing entry points to ../../build/voice_teleop/voice_teleop.egg-info/entry_points.txt
writing requirements to ../../build/voice_teleop/voice_teleop.egg-info/requires.txt
writing top-level names to ../../build/voice_teleop/voice_teleop.egg-info/top_level.txt
reading manifest file '../../build/voice_teleop/voice_teleop.egg-info/SOURCES.txt'
writing manifest file '../../build/voice_teleop/voice_teleop.egg-info/SOURCES.txt'
running build
running build_py
copying voice_teleop/voice_commander_node.py -> /home/killerflux/voice_teleop_ws/build/voice_teleop/build/lib/voice_teleop
running install
running install_lib
copying /home/killerflux/voice_teleop_ws/build/voice_teleop/build/lib/voice_teleop/voice_commander_node.py -> /home/killerflux/voice_teleop_ws/install/voice_teleop/lib/python3.10/site-packages/voice_teleop
byte-compiling /home/killerflux/voice_teleop_ws/install/voice_teleop/lib/python3.10/site-packages/voice_teleop/voice_commander_node.py to voice_commander_node.cpython-310.pyc
running install_data
running install_egg_info
removing '/home/killerflux/voice_teleop_ws/install/voice_teleop/lib/python3.10/site-packages/voice_teleop-0.1.0-py3.10.egg-info' (and everything under it)
Copying ../../build/voice_teleop/voice_teleop.egg-info to /home/killerflux/voice_teleop_ws/install/voice_teleop/lib/python3.10/site-packages/voice_teleop-0.1.0-py3.10.egg-info
running install_scripts
Installing voice_commander script to /home/killerflux/voice_teleop_ws/install/voice_teleop/lib/voice_teleop
writing list of installed files to '/home/killerflux/voice_teleop_ws/build/voice_teleop/install.log'
