running egg_info
creating ../../build/voice_teleop/voice_teleop.egg-info
writing ../../build/voice_teleop/voice_teleop.egg-info/PKG-INFO
writing dependency_links to ../../build/voice_teleop/voice_teleop.egg-info/dependency_links.txt
writing entry points to ../../build/voice_teleop/voice_teleop.egg-info/entry_points.txt
writing requirements to ../../build/voice_teleop/voice_teleop.egg-info/requires.txt
writing top-level names to ../../build/voice_teleop/voice_teleop.egg-info/top_level.txt
writing manifest file '../../build/voice_teleop/voice_teleop.egg-info/SOURCES.txt'
reading manifest file '../../build/voice_teleop/voice_teleop.egg-info/SOURCES.txt'
writing manifest file '../../build/voice_teleop/voice_teleop.egg-info/SOURCES.txt'
running build
running build_py
creating /home/killerflux/voice_teleop_ws/build/voice_teleop/build
creating /home/killerflux/voice_teleop_ws/build/voice_teleop/build/lib
creating /home/killerflux/voice_teleop_ws/build/voice_teleop/build/lib/voice_teleop
copying voice_teleop/voice_commander_node.py -> /home/killerflux/voice_teleop_ws/build/voice_teleop/build/lib/voice_teleop
copying voice_teleop/input_sources.py -> /home/killerflux/voice_teleop_ws/build/voice_teleop/build/lib/voice_teleop
copying voice_teleop/__init__.py -> /home/killerflux/voice_teleop_ws/build/voice_teleop/build/lib/voice_teleop
running install
running install_lib
creating /home/killerflux/voice_teleop_ws/install/voice_teleop/lib/python3.10/site-packages/voice_teleop
copying /home/killerflux/voice_teleop_ws/build/voice_teleop/build/lib/voice_teleop/voice_commander_node.py -> /home/killerflux/voice_teleop_ws/install/voice_teleop/lib/python3.10/site-packages/voice_teleop
copying /home/killerflux/voice_teleop_ws/build/voice_teleop/build/lib/voice_teleop/input_sources.py -> /home/killerflux/voice_teleop_ws/install/voice_teleop/lib/python3.10/site-packages/voice_teleop
copying /home/killerflux/voice_teleop_ws/build/voice_teleop/build/lib/voice_teleop/__init__.py -> /home/killerflux/voice_teleop_ws/install/voice_teleop/lib/python3.10/site-packages/voice_teleop
byte-compiling /home/killerflux/voice_teleop_ws/install/voice_teleop/lib/python3.10/site-packages/voice_teleop/voice_commander_node.py to voice_commander_node.cpython-310.pyc
byte-compiling /home/killerflux/voice_teleop_ws/install/voice_teleop/lib/python3.10/site-packages/voice_teleop/input_sources.py to input_sources.cpython-310.pyc
byte-compiling /home/killerflux/voice_teleop_ws/install/voice_teleop/lib/python3.10/site-packages/voice_teleop/__init__.py to __init__.cpython-310.pyc
running install_data
creating /home/killerflux/voice_teleop_ws/install/voice_teleop/share/ament_index
creating /home/killerflux/voice_teleop_ws/install/voice_teleop/share/ament_index/resource_index
creating /home/killerflux/voice_teleop_ws/install/voice_teleop/share/ament_index/resource_index/packages
copying resource/voice_teleop -> /home/killerflux/voice_teleop_ws/install/voice_teleop/share/ament_index/resource_index/packages
copying package.xml -> /home/killerflux/voice_teleop_ws/install/voice_teleop/share/voice_teleop
creating /home/killerflux/voice_teleop_ws/install/voice_teleop/share/voice_teleop/launch
copying launch/voice_teleop.launch.py -> /home/killerflux/voice_teleop_ws/install/voice_teleop/share/voice_teleop/launch
creating /home/killerflux/voice_teleop_ws/install/voice_teleop/share/voice_teleop/rviz
copying rviz/voice_teleop.rviz -> /home/killerflux/voice_teleop_ws/install/voice_teleop/share/voice_teleop/rviz
running install_egg_info
Copying ../../build/voice_teleop/voice_teleop.egg-info to /home/killerflux/voice_teleop_ws/install/voice_teleop/lib/python3.10/site-packages/voice_teleop-0.1.0-py3.10.egg-info
running install_scripts
Installing voice_commander script to /home/killerflux/voice_teleop_ws/install/voice_teleop/lib/voice_teleop
writing list of installed files to '/home/killerflux/voice_teleop_ws/build/voice_teleop/install.log'
